<?xml version="1.0" encoding="UTF-8"?>
<!-- Generated by org.testng.reporters.JUnitXMLReporter -->
<testsuite ignored="0" hostname="DESKTOP-SFNF56E" failures="1" tests="1" name="Login User" time="40.056" errors="0" timestamp="2024-04-29T23:26:23 IST">
  <testcase classname="com.Page_Objects_Repo.Login_Page" name="Login_With_Valid_User" time="40.025">
    <failure type="java.lang.NullPointerException" message="Cannot invoke &amp;quot;org.openqa.selenium.WebDriver.manage()&amp;quot; because &amp;quot;driver&amp;quot; is null">
      <![CDATA[java.lang.NullPointerException: Cannot invoke "org.openqa.selenium.WebDriver.manage()" because "driver" is null
at com.Page_Objects_Repo.Login_Page.user_Name(Login_Page.java:20)
at com.Page_Objects_Repo.Login_Page.login_With_Valid_User(Login_Page.java:42)
at com.Page_Objects_Repo.Login_Page.Login_With_Valid_User(Login_Page.java:65)
at java.base/java.util.ArrayList.forEach(ArrayList.java:1596)
... Removed 25 stack frames]]>
    </failure>
  </testcase> <!-- Login_With_Valid_User -->
</testsuite> <!-- Login User -->
