<?xml version="1.0" encoding="UTF-8"?>
<!-- Generated by org.testng.reporters.JUnitXMLReporter -->
<testsuite ignored="0" hostname="DESKTOP-SFNF56E" failures="3" tests="3" name="Login_User" time="16.047" errors="0" timestamp="2024-04-29T17:35:08 IST">
  <testcase classname="com.Execution_Layer.Execution_pipe" name="user_LogIn_Logout" time="2.009">
    <failure type="java.lang.NullPointerException" message="Cannot invoke &amp;quot;org.openqa.selenium.WebDriver.findElement(org.openqa.selenium.By)&amp;quot; because &amp;quot;driver&amp;quot; is null">
      <![CDATA[java.lang.NullPointerException: Cannot invoke "org.openqa.selenium.WebDriver.findElement(org.openqa.selenium.By)" because "driver" is null
at com.Page_Objects_Repo.Login_Page.user_Name(Login_Page.java:9)
at com.Page_Objects_Repo.Login_Page.login_With_Valid_User(Login_Page.java:28)
at com.Execution_Layer.Execution_pipe.user_LogIn_Logout(Execution_pipe.java:24)
at java.base/java.util.ArrayList.forEach(ArrayList.java:1596)
... Removed 25 stack frames]]>
    </failure>
  </testcase> <!-- user_LogIn_Logout -->
  <testcase classname="com.Execution_Layer.Execution_pipe" name="import_Pilot_Daily_Payout" time="2.011">
    <failure type="java.lang.NullPointerException" message="Cannot invoke &amp;quot;org.openqa.selenium.WebDriver.findElement(org.openqa.selenium.By)&amp;quot; because &amp;quot;driver&amp;quot; is null">
      <![CDATA[java.lang.NullPointerException: Cannot invoke "org.openqa.selenium.WebDriver.findElement(org.openqa.selenium.By)" because "driver" is null
at com.Page_Objects_Repo.Login_Page.user_Name(Login_Page.java:9)
at com.Page_Objects_Repo.Login_Page.login_With_Valid_User(Login_Page.java:28)
at com.Execution_Layer.Execution_pipe.import_Pilot_Daily_Payout(Execution_pipe.java:31)
at java.base/java.util.ArrayList.forEach(ArrayList.java:1596)
... Removed 25 stack frames]]>
    </failure>
  </testcase> <!-- import_Pilot_Daily_Payout -->
  <testcase classname="com.Execution_Layer.Execution_pipe" name="import_MultiClinet_Payout" time="12.005">
    <failure type="java.lang.NullPointerException" message="Cannot invoke &amp;quot;org.openqa.selenium.WebDriver.findElement(org.openqa.selenium.By)&amp;quot; because &amp;quot;driver&amp;quot; is null">
      <![CDATA[java.lang.NullPointerException: Cannot invoke "org.openqa.selenium.WebDriver.findElement(org.openqa.selenium.By)" because "driver" is null
at com.Page_Objects_Repo.Login_Page.user_Name(Login_Page.java:9)
at com.Page_Objects_Repo.Login_Page.login_With_Valid_User(Login_Page.java:28)
at com.Execution_Layer.Execution_pipe.import_MultiClinet_Payout(Execution_pipe.java:42)
at java.base/java.util.ArrayList.forEach(ArrayList.java:1596)
... Removed 25 stack frames]]>
    </failure>
  </testcase> <!-- import_MultiClinet_Payout -->
</testsuite> <!-- Login_User -->
