<?xml version="1.0" encoding="UTF-8"?>
<testng-results ignored="0" total="3" passed="3" failed="0" skipped="0">
  <reporter-output>
  </reporter-output>
  <suite started-at="2024-04-30T10:37:33 IST" name="Suite" finished-at="2024-04-30T10:39:26 IST" duration-ms="112931">
    <groups>
    </groups>
    <test started-at="2024-04-30T10:37:33 IST" name="Test" finished-at="2024-04-30T10:39:26 IST" duration-ms="112931">
      <class name="com.Execution_Layer.Execution_pipe">
        <test-method is-config="true" signature="browser_Setup()[pri:0, instance:com.Execution_Layer.Execution_pipe@279fedbd]" started-at="2024-04-30T10:37:33 IST" name="browser_Setup" finished-at="2024-04-30T10:37:52 IST" duration-ms="19065" status="PASS">
          <reporter-output>
          </reporter-output>
        </test-method> <!-- browser_Setup -->
        <test-method signature="user_LogIn_Logout()[pri:1, instance:com.Execution_Layer.Execution_pipe@279fedbd]" started-at="2024-04-30T10:37:52 IST" name="user_LogIn_Logout" finished-at="2024-04-30T10:38:33 IST" duration-ms="40591" status="PASS">
          <reporter-output>
          </reporter-output>
        </test-method> <!-- user_LogIn_Logout -->
        <test-method signature="import_Pilot_Daily_Payout()[pri:2, instance:com.Execution_Layer.Execution_pipe@279fedbd]" started-at="2024-04-30T10:38:33 IST" name="import_Pilot_Daily_Payout" finished-at="2024-04-30T10:39:05 IST" duration-ms="31997" status="PASS">
          <reporter-output>
          </reporter-output>
        </test-method> <!-- import_Pilot_Daily_Payout -->
        <test-method signature="import_MultiClinet_Payout()[pri:3, instance:com.Execution_Layer.Execution_pipe@279fedbd]" started-at="2024-04-30T10:39:05 IST" name="import_MultiClinet_Payout" finished-at="2024-04-30T10:39:26 IST" duration-ms="21228" status="PASS">
          <reporter-output>
          </reporter-output>
        </test-method> <!-- import_MultiClinet_Payout -->
      </class> <!-- com.Execution_Layer.Execution_pipe -->
    </test> <!-- Test -->
  </suite> <!-- Suite -->
</testng-results>
